Determining if the pthread_create exist failed with the following output:
Change Dir: /home/taoran/桌面/caffe/blob/build/CMakeFiles/CMakeTmp

Run Build Command:/usr/bin/make "cmTryCompileExec1043114289/fast"
/usr/bin/make -f CMakeFiles/cmTryCompileExec1043114289.dir/build.make CMakeFiles/cmTryCompileExec1043114289.dir/build
make[1]: 正在进入目录 `/home/taoran/桌面/caffe/blob/build/CMakeFiles/CMakeTmp'
/usr/bin/cmake -E cmake_progress_report /home/taoran/桌面/caffe/blob/build/CMakeFiles/CMakeTmp/CMakeFiles 1
Building C object CMakeFiles/cmTryCompileExec1043114289.dir/CheckSymbolExists.c.o
/usr/bin/cc    -o CMakeFiles/cmTryCompileExec1043114289.dir/CheckSymbolExists.c.o   -c /home/taoran/桌面/caffe/blob/build/CMakeFiles/CMakeTmp/CheckSymbolExists.c
Linking C executable cmTryCompileExec1043114289
/usr/bin/cmake -E cmake_link_script CMakeFiles/cmTryCompileExec1043114289.dir/link.txt --verbose=1
/usr/bin/cc       CMakeFiles/cmTryCompileExec1043114289.dir/CheckSymbolExists.c.o  -o cmTryCompileExec1043114289 -rdynamic 
CMakeFiles/cmTryCompileExec1043114289.dir/CheckSymbolExists.c.o：在函数‘main’中：
CheckSymbolExists.c:(.text+0x16)：对‘pthread_create’未定义的引用
collect2: error: ld returned 1 exit status
make[1]:正在离开目录 `/home/taoran/桌面/caffe/blob/build/CMakeFiles/CMakeTmp'
make[1]: *** [cmTryCompileExec1043114289] 错误 1
make: *** [cmTryCompileExec1043114289/fast] 错误 2

File /home/taoran/桌面/caffe/blob/build/CMakeFiles/CMakeTmp/CheckSymbolExists.c:
/* */
#include <pthread.h>

int main(int argc, char** argv)
{
  (void)argv;
#ifndef pthread_create
  return ((int*)(&pthread_create))[argc];
#else
  (void)argc;
  return 0;
#endif
}

Determining if the function pthread_create exists in the pthreads failed with the following output:
Change Dir: /home/taoran/桌面/caffe/blob/build/CMakeFiles/CMakeTmp

Run Build Command:/usr/bin/make "cmTryCompileExec4164809805/fast"
/usr/bin/make -f CMakeFiles/cmTryCompileExec4164809805.dir/build.make CMakeFiles/cmTryCompileExec4164809805.dir/build
make[1]: 正在进入目录 `/home/taoran/桌面/caffe/blob/build/CMakeFiles/CMakeTmp'
/usr/bin/cmake -E cmake_progress_report /home/taoran/桌面/caffe/blob/build/CMakeFiles/CMakeTmp/CMakeFiles 1
Building C object CMakeFiles/cmTryCompileExec4164809805.dir/CheckFunctionExists.c.o
/usr/bin/cc   -DCHECK_FUNCTION_EXISTS=pthread_create   -o CMakeFiles/cmTryCompileExec4164809805.dir/CheckFunctionExists.c.o   -c /usr/share/cmake-2.8/Modules/CheckFunctionExists.c
Linking C executable cmTryCompileExec4164809805
/usr/bin/cmake -E cmake_link_script CMakeFiles/cmTryCompileExec4164809805.dir/link.txt --verbose=1
/usr/bin/cc   -DCHECK_FUNCTION_EXISTS=pthread_create    CMakeFiles/cmTryCompileExec4164809805.dir/CheckFunctionExists.c.o  -o cmTryCompileExec4164809805 -rdynamic -lpthreads 
/usr/bin/ld: 找不到 -lpthreads
collect2: error: ld returned 1 exit status
make[1]:正在离开目录 `/home/taoran/桌面/caffe/blob/build/CMakeFiles/CMakeTmp'
make[1]: *** [cmTryCompileExec4164809805] 错误 1
make: *** [cmTryCompileExec4164809805/fast] 错误 2


